<?xml version="1.0" encoding="UTF-8"?>
<!-- Generated by org.testng.reporters.JUnitReportReporter -->
<testsuite hostname="Hanh-PC" name="SLENIUM_08_HANHNT.Topic07_Default_DropList" tests="1" failures="0" timestamp="3 Mar 2019 09:04:43 GMT" time="18.264" errors="0">
  <testcase name="TC_01" time="18.264" classname="SLENIUM_08_HANHNT.Topic07_Default_DropList"/>
</testsuite> <!-- SLENIUM_08_HANHNT.Topic07_Default_DropList -->
