<?xml version="1.0" encoding="UTF-8"?>
<!-- Generated by org.testng.reporters.JUnitReportReporter -->
<testsuite hostname="Hanh-PC" name="SLENIUM_08_HANHNT.Topic06_Textbox_TextArea" tests="1" failures="0" timestamp="27 Feb 2019 17:07:41 GMT" time="0.004" errors="1">
  <testcase name="TC_01" time="0.004" classname="SLENIUM_08_HANHNT.Topic06_Textbox_TextArea">
    <error type="org.openqa.selenium.WebDriverException" message="Failed to connect to binary FirefoxBinary(C:\Program Files\Mozilla Firefox\firefox.exe) on port 7055; process output follows: 
ndUpdates&quot;:1,&quot;bootstrap&quot;:true,&quot;skinnable&quot;:false,&quot;size&quot;:3110,&quot;sourceURI&quot;:null,&quot;releaseNotesURI&quot;:null,&quot;softDisabled&quot;:false,&quot;foreignInstall&quot;:false,&quot;hasBinaryComponents&quot;:false,&quot;strictCompatibility&quot;:false,&quot;locales&quot;:[],&quot;targetApplications&quot;:[{&quot;id&quot;:&quot;{ec8030f7-c20a-464f-9b0e-13a3a9e97384}&quot;,&quot;minVersion&quot;:&quot;47.0.2&quot;,&quot;maxVersion&quot;:&quot;47.*&quot;}],&quot;targetPlatforms&quot;:[],&quot;multiprocessCompatible&quot;:false,&quot;seen&quot;:true}
1551287233288	addons.xpi	DEBUG	getModTime: Recursive scan of websensehelper@mozilla.org
1551287233294	addons.xpi	DEBUG	Updating XPIState for {&quot;id&quot;:&quot;{972ce4c6-7e08-4474-a285-3208198ce6fd}&quot;,&quot;syncGUID&quot;:&quot;j7XmvCnSG3pk&quot;,&quot;location&quot;:&quot;app-global&quot;,&quot;version&quot;:&quot;47.0.2&quot;,&quot;type&quot;:&quot;theme&quot;,&quot;internalName&quot;:&quot;classic/1.0&quot;,&quot;updateURL&quot;:null,&quot;updateKey&quot;:null,&quot;optionsURL&quot;:null,&quot;optionsType&quot;:null,&quot;aboutURL&quot;:null,&quot;icons&quot;:{&quot;32&quot;:&quot;icon.png&quot;,&quot;48&quot;:&quot;icon.png&quot;},&quot;iconURL&quot;:null,&quot;icon64URL&quot;:null,&quot;defaultLocale&quot;:{&quot;name&quot;:&quot;Default&quot;,&quot;description&quot;:&quot;The default theme.&quot;,&quot;creator&quot;:&quot;Mozilla&quot;,&quot;homepageURL&quot;:null,&quot;contributors&quot;:[&quot;Mozilla Contributors&quot;]},&quot;visible&quot;:true,&quot;active&quot;:true,&quot;userDisabled&quot;:false,&quot;appDisabled&quot;:false,&quot;descriptor&quot;:&quot;C:\\Program Files\\Mozilla Firefox\\browser\\extensions\\{972ce4c6-7e08-4474-a285-3208198ce6fd}.xpi&quot;,&quot;installDate&quot;:1477956665000,&quot;updateDate&quot;:1477956665000,&quot;applyBackgroundUpdates&quot;:1,&quot;skinnable&quot;:true,&quot;size&quot;:22012,&quot;sourceURI&quot;:null,&quot;releaseNotesURI&quot;:null,&quot;softDisabled&quot;:false,&quot;foreignInstall&quot;:false,&quot;hasBinaryComponents&quot;:false,&quot;strictCompatibility&quot;:true,&quot;locales&quot;:[],&quot;targetApplications&quot;:[{&quot;id&quot;:&quot;{ec8030f7-c20a-464f-9b0e-13a3a9e97384}&quot;,&quot;minVersion&quot;:&quot;47.0.2&quot;,&quot;maxVersion&quot;:&quot;47.0.2&quot;}],&quot;targetPlatforms&quot;:[],&quot;seen&quot;:true}
1551287233295	addons.xpi	DEBUG	getModTime: Recursive scan of {972ce4c6-7e08-4474-a285-3208198ce6fd}
1551287233304	DeferredSave.extensions.json	DEBUG	Save changes
1551287233305	addons.xpi	DEBUG	Updating database with changes to installed add-ons
1551287233306	addons.xpi-utils	DEBUG	Updating add-on states
1551287233312	addons.xpi-utils	DEBUG	Writing add-ons list
1551287233334	addons.xpi	DEBUG	Registering manifest for C:\Program Files\Mozilla Firefox\browser\features\e10srollout@mozilla.org.xpi
1551287233338	addons.xpi	DEBUG	Calling bootstrap method startup on e10srollout@mozilla.org version 1.0
1551287233340	addons.xpi	DEBUG	Registering manifest for C:\Program Files\Mozilla Firefox\browser\features\firefox@getpocket.com.xpi
1551287233346	addons.xpi	DEBUG	Calling bootstrap method startup on firefox@getpocket.com version 1.0.2
1551287233354	addons.xpi	DEBUG	Registering manifest for C:\Program Files\Mozilla Firefox\browser\features\loop@mozilla.org.xpi
1551287233361	addons.xpi	DEBUG	Calling bootstrap method startup on loop@mozilla.org version 1.3.2
1551287233949	addons.xpi	DEBUG	Registering manifest for C:\Program Files\Mozilla Firefox\browser\features\websensehelper@mozilla.org.xpi
1551287233952	addons.xpi	DEBUG	Calling bootstrap method startup on websensehelper@mozilla.org version 1.0
1551287233975	addons.manager	DEBUG	Registering shutdown blocker for XPIProvider
1551287233977	addons.manager	DEBUG	Provider finished startup: XPIProvider
1551287233977	addons.manager	DEBUG	Starting provider: LightweightThemeManager
1551287233978	addons.manager	DEBUG	Registering shutdown blocker for LightweightThemeManager
1551287233979	addons.manager	DEBUG	Provider finished startup: LightweightThemeManager
1551287233982	addons.manager	DEBUG	Starting provider: GMPProvider
1551287234044	addons.manager	DEBUG	Registering shutdown blocker for GMPProvider
1551287234046	addons.manager	DEBUG	Provider finished startup: GMPProvider
1551287234046	addons.manager	DEBUG	Starting provider: PluginProvider
1551287234048	addons.manager	DEBUG	Registering shutdown blocker for PluginProvider
1551287234065	addons.manager	DEBUG	Provider finished startup: PluginProvider
1551287234068	addons.manager	DEBUG	Completed startup sequence
1551287242294	addons.manager	DEBUG	Starting provider: &lt;unnamed-provider&gt;
1551287242295	addons.manager	DEBUG	Registering shutdown blocker for &lt;unnamed-provider&gt;
1551287242298	addons.manager	DEBUG	Provider finished startup: &lt;unnamed-provider&gt;

Build info: version: &#039;2.53.1&#039;, revision: &#039;a36b8b1&#039;, time: &#039;2016-06-30 17:37:03&#039;
System info: host: &#039;Hanh-PC&#039;, ip: &#039;192.168.43.106&#039;, os.name: &#039;Windows 7&#039;, os.arch: &#039;x86&#039;, os.version: &#039;6.1&#039;, java.version: &#039;1.8.0_201&#039;
Driver info: driver.version: FirefoxDriver">
      <![CDATA[org.openqa.selenium.WebDriverException: Failed to connect to binary FirefoxBinary(C:\Program Files\Mozilla Firefox\firefox.exe) on port 7055; process output follows: 
ndUpdates":1,"bootstrap":true,"skinnable":false,"size":3110,"sourceURI":null,"releaseNotesURI":null,"softDisabled":false,"foreignInstall":false,"hasBinaryComponents":false,"strictCompatibility":false,"locales":[],"targetApplications":[{"id":"{ec8030f7-c20a-464f-9b0e-13a3a9e97384}","minVersion":"47.0.2","maxVersion":"47.*"}],"targetPlatforms":[],"multiprocessCompatible":false,"seen":true}
1551287233288	addons.xpi	DEBUG	getModTime: Recursive scan of websensehelper@mozilla.org
1551287233294	addons.xpi	DEBUG	Updating XPIState for {"id":"{972ce4c6-7e08-4474-a285-3208198ce6fd}","syncGUID":"j7XmvCnSG3pk","location":"app-global","version":"47.0.2","type":"theme","internalName":"classic/1.0","updateURL":null,"updateKey":null,"optionsURL":null,"optionsType":null,"aboutURL":null,"icons":{"32":"icon.png","48":"icon.png"},"iconURL":null,"icon64URL":null,"defaultLocale":{"name":"Default","description":"The default theme.","creator":"Mozilla","homepageURL":null,"contributors":["Mozilla Contributors"]},"visible":true,"active":true,"userDisabled":false,"appDisabled":false,"descriptor":"C:\\Program Files\\Mozilla Firefox\\browser\\extensions\\{972ce4c6-7e08-4474-a285-3208198ce6fd}.xpi","installDate":1477956665000,"updateDate":1477956665000,"applyBackgroundUpdates":1,"skinnable":true,"size":22012,"sourceURI":null,"releaseNotesURI":null,"softDisabled":false,"foreignInstall":false,"hasBinaryComponents":false,"strictCompatibility":true,"locales":[],"targetApplications":[{"id":"{ec8030f7-c20a-464f-9b0e-13a3a9e97384}","minVersion":"47.0.2","maxVersion":"47.0.2"}],"targetPlatforms":[],"seen":true}
1551287233295	addons.xpi	DEBUG	getModTime: Recursive scan of {972ce4c6-7e08-4474-a285-3208198ce6fd}
1551287233304	DeferredSave.extensions.json	DEBUG	Save changes
1551287233305	addons.xpi	DEBUG	Updating database with changes to installed add-ons
1551287233306	addons.xpi-utils	DEBUG	Updating add-on states
1551287233312	addons.xpi-utils	DEBUG	Writing add-ons list
1551287233334	addons.xpi	DEBUG	Registering manifest for C:\Program Files\Mozilla Firefox\browser\features\e10srollout@mozilla.org.xpi
1551287233338	addons.xpi	DEBUG	Calling bootstrap method startup on e10srollout@mozilla.org version 1.0
1551287233340	addons.xpi	DEBUG	Registering manifest for C:\Program Files\Mozilla Firefox\browser\features\firefox@getpocket.com.xpi
1551287233346	addons.xpi	DEBUG	Calling bootstrap method startup on firefox@getpocket.com version 1.0.2
1551287233354	addons.xpi	DEBUG	Registering manifest for C:\Program Files\Mozilla Firefox\browser\features\loop@mozilla.org.xpi
1551287233361	addons.xpi	DEBUG	Calling bootstrap method startup on loop@mozilla.org version 1.3.2
1551287233949	addons.xpi	DEBUG	Registering manifest for C:\Program Files\Mozilla Firefox\browser\features\websensehelper@mozilla.org.xpi
1551287233952	addons.xpi	DEBUG	Calling bootstrap method startup on websensehelper@mozilla.org version 1.0
1551287233975	addons.manager	DEBUG	Registering shutdown blocker for XPIProvider
1551287233977	addons.manager	DEBUG	Provider finished startup: XPIProvider
1551287233977	addons.manager	DEBUG	Starting provider: LightweightThemeManager
1551287233978	addons.manager	DEBUG	Registering shutdown blocker for LightweightThemeManager
1551287233979	addons.manager	DEBUG	Provider finished startup: LightweightThemeManager
1551287233982	addons.manager	DEBUG	Starting provider: GMPProvider
1551287234044	addons.manager	DEBUG	Registering shutdown blocker for GMPProvider
1551287234046	addons.manager	DEBUG	Provider finished startup: GMPProvider
1551287234046	addons.manager	DEBUG	Starting provider: PluginProvider
1551287234048	addons.manager	DEBUG	Registering shutdown blocker for PluginProvider
1551287234065	addons.manager	DEBUG	Provider finished startup: PluginProvider
1551287234068	addons.manager	DEBUG	Completed startup sequence
1551287242294	addons.manager	DEBUG	Starting provider: <unnamed-provider>
1551287242295	addons.manager	DEBUG	Registering shutdown blocker for <unnamed-provider>
1551287242298	addons.manager	DEBUG	Provider finished startup: <unnamed-provider>

Build info: version: '2.53.1', revision: 'a36b8b1', time: '2016-06-30 17:37:03'
System info: host: 'Hanh-PC', ip: '192.168.43.106', os.name: 'Windows 7', os.arch: 'x86', os.version: '6.1', java.version: '1.8.0_201'
Driver info: driver.version: FirefoxDriver
	at org.openqa.selenium.firefox.internal.NewProfileExtensionConnection.start(NewProfileExtensionConnection.java:124)
	at org.openqa.selenium.firefox.FirefoxDriver.startClient(FirefoxDriver.java:271)
	at org.openqa.selenium.remote.RemoteWebDriver.<init>(RemoteWebDriver.java:119)
	at org.openqa.selenium.firefox.FirefoxDriver.<init>(FirefoxDriver.java:218)
	at org.openqa.selenium.firefox.FirefoxDriver.<init>(FirefoxDriver.java:211)
	at org.openqa.selenium.firefox.FirefoxDriver.<init>(FirefoxDriver.java:207)
	at org.openqa.selenium.firefox.FirefoxDriver.<init>(FirefoxDriver.java:120)
	at SLENIUM_08_HANHNT.Topic06_Textbox_TextArea.beforeClass(Topic06_Textbox_TextArea.java:25)
	at sun.reflect.NativeMethodAccessorImpl.invoke0(Native Method)
	at sun.reflect.NativeMethodAccessorImpl.invoke(Unknown Source)
	at sun.reflect.DelegatingMethodAccessorImpl.invoke(Unknown Source)
	at java.lang.reflect.Method.invoke(Unknown Source)
	at org.testng.internal.MethodInvocationHelper.invokeMethod(MethodInvocationHelper.java:85)
	at org.testng.internal.Invoker.invokeConfigurationMethod(Invoker.java:510)
	at org.testng.internal.Invoker.invokeConfigurations(Invoker.java:211)
	at org.testng.internal.Invoker.invokeConfigurations(Invoker.java:138)
	at org.testng.internal.TestMethodWorker.invokeBeforeClassMethods(TestMethodWorker.java:170)
	at org.testng.internal.TestMethodWorker.run(TestMethodWorker.java:104)
	at org.testng.TestRunner.privateRun(TestRunner.java:774)
	at org.testng.TestRunner.run(TestRunner.java:624)
	at org.testng.SuiteRunner.runTest(SuiteRunner.java:359)
	at org.testng.SuiteRunner.runSequentially(SuiteRunner.java:354)
	at org.testng.SuiteRunner.privateRun(SuiteRunner.java:312)
	at org.testng.SuiteRunner.run(SuiteRunner.java:261)
	at org.testng.SuiteRunnerWorker.runSuite(SuiteRunnerWorker.java:52)
	at org.testng.SuiteRunnerWorker.run(SuiteRunnerWorker.java:86)
	at org.testng.TestNG.runSuitesSequentially(TestNG.java:1215)
	at org.testng.TestNG.runSuitesLocally(TestNG.java:1140)
	at org.testng.TestNG.run(TestNG.java:1048)
	at org.testng.remote.RemoteTestNG.run(RemoteTestNG.java:112)
	at org.testng.remote.RemoteTestNG.initAndRun(RemoteTestNG.java:205)
	at org.testng.remote.RemoteTestNG.main(RemoteTestNG.java:176)
Caused by: org.openqa.selenium.firefox.NotConnectedException: Unable to connect to host 127.0.0.1 on port 7055 after 45000 ms. Firefox console output:
ndUpdates":1,"bootstrap":true,"skinnable":false,"size":3110,"sourceURI":null,"releaseNotesURI":null,"softDisabled":false,"foreignInstall":false,"hasBinaryComponents":false,"strictCompatibility":false,"locales":[],"targetApplications":[{"id":"{ec8030f7-c20a-464f-9b0e-13a3a9e97384}","minVersion":"47.0.2","maxVersion":"47.*"}],"targetPlatforms":[],"multiprocessCompatible":false,"seen":true}
1551287233288	addons.xpi	DEBUG	getModTime: Recursive scan of websensehelper@mozilla.org
1551287233294	addons.xpi	DEBUG	Updating XPIState for {"id":"{972ce4c6-7e08-4474-a285-3208198ce6fd}","syncGUID":"j7XmvCnSG3pk","location":"app-global","version":"47.0.2","type":"theme","internalName":"classic/1.0","updateURL":null,"updateKey":null,"optionsURL":null,"optionsType":null,"aboutURL":null,"icons":{"32":"icon.png","48":"icon.png"},"iconURL":null,"icon64URL":null,"defaultLocale":{"name":"Default","description":"The default theme.","creator":"Mozilla","homepageURL":null,"contributors":["Mozilla Contributors"]},"visible":true,"active":true,"userDisabled":false,"appDisabled":false,"descriptor":"C:\\Program Files\\Mozilla Firefox\\browser\\extensions\\{972ce4c6-7e08-4474-a285-3208198ce6fd}.xpi","installDate":1477956665000,"updateDate":1477956665000,"applyBackgroundUpdates":1,"skinnable":true,"size":22012,"sourceURI":null,"releaseNotesURI":null,"softDisabled":false,"foreignInstall":false,"hasBinaryComponents":false,"strictCompatibility":true,"locales":[],"targetApplications":[{"id":"{ec8030f7-c20a-464f-9b0e-13a3a9e97384}","minVersion":"47.0.2","maxVersion":"47.0.2"}],"targetPlatforms":[],"seen":true}
1551287233295	addons.xpi	DEBUG	getModTime: Recursive scan of {972ce4c6-7e08-4474-a285-3208198ce6fd}
1551287233304	DeferredSave.extensions.json	DEBUG	Save changes
1551287233305	addons.xpi	DEBUG	Updating database with changes to installed add-ons
1551287233306	addons.xpi-utils	DEBUG	Updating add-on states
1551287233312	addons.xpi-utils	DEBUG	Writing add-ons list
1551287233334	addons.xpi	DEBUG	Registering manifest for C:\Program Files\Mozilla Firefox\browser\features\e10srollout@mozilla.org.xpi
1551287233338	addons.xpi	DEBUG	Calling bootstrap method startup on e10srollout@mozilla.org version 1.0
1551287233340	addons.xpi	DEBUG	Registering manifest for C:\Program Files\Mozilla Firefox\browser\features\firefox@getpocket.com.xpi
1551287233346	addons.xpi	DEBUG	Calling bootstrap method startup on firefox@getpocket.com version 1.0.2
1551287233354	addons.xpi	DEBUG	Registering manifest for C:\Program Files\Mozilla Firefox\browser\features\loop@mozilla.org.xpi
1551287233361	addons.xpi	DEBUG	Calling bootstrap method startup on loop@mozilla.org version 1.3.2
1551287233949	addons.xpi	DEBUG	Registering manifest for C:\Program Files\Mozilla Firefox\browser\features\websensehelper@mozilla.org.xpi
1551287233952	addons.xpi	DEBUG	Calling bootstrap method startup on websensehelper@mozilla.org version 1.0
1551287233975	addons.manager	DEBUG	Registering shutdown blocker for XPIProvider
1551287233977	addons.manager	DEBUG	Provider finished startup: XPIProvider
1551287233977	addons.manager	DEBUG	Starting provider: LightweightThemeManager
1551287233978	addons.manager	DEBUG	Registering shutdown blocker for LightweightThemeManager
1551287233979	addons.manager	DEBUG	Provider finished startup: LightweightThemeManager
1551287233982	addons.manager	DEBUG	Starting provider: GMPProvider
1551287234044	addons.manager	DEBUG	Registering shutdown blocker for GMPProvider
1551287234046	addons.manager	DEBUG	Provider finished startup: GMPProvider
1551287234046	addons.manager	DEBUG	Starting provider: PluginProvider
1551287234048	addons.manager	DEBUG	Registering shutdown blocker for PluginProvider
1551287234065	addons.manager	DEBUG	Provider finished startup: PluginProvider
1551287234068	addons.manager	DEBUG	Completed startup sequence
1551287242294	addons.manager	DEBUG	Starting provider: <unnamed-provider>
1551287242295	addons.manager	DEBUG	Registering shutdown blocker for <unnamed-provider>
1551287242298	addons.manager	DEBUG	Provider finished startup: <unnamed-provider>

	at org.openqa.selenium.firefox.internal.NewProfileExtensionConnection.start(NewProfileExtensionConnection.java:112)
	... 31 more
]]>
    </error>
  </testcase> <!-- TC_01 -->
</testsuite> <!-- SLENIUM_08_HANHNT.Topic06_Textbox_TextArea -->
